\BOOKMARK [0][-]{chapter.1}{\376\377\000A\000l\000l\000g\000e\000m\000e\000i\000n\000e\000s}{}% 1
\BOOKMARK [1][-]{section.1.1}{\376\377\000A\000k\000t\000i\000v\000i\000e\000r\000u\000n\000g\000s\000e\000n\000e\000r\000g\000i\000e}{chapter.1}% 2
\BOOKMARK [1][-]{section.1.2}{\376\377\000K\000a\000l\000o\000r\000i\000m\000e\000t\000e\000r}{chapter.1}% 3
\BOOKMARK [1][-]{section.1.3}{\376\377\000K\000a\000t\000a\000l\000y\000s\000a\000t\000o\000r}{chapter.1}% 4
\BOOKMARK [1][-]{section.1.4}{\376\377\000M\000a\000s\000s\000e\000n\000w\000i\000r\000k\000u\000n\000g\000s\000g\000e\000t\000z}{chapter.1}% 5
\BOOKMARK [1][-]{section.1.5}{\376\377\000N\000u\000k\000l\000e\000o\000p\000h\000i\000l\000e\000r\000\040\000A\000n\000g\000r\000i\000f\000f}{chapter.1}% 6
\BOOKMARK [1][-]{section.1.6}{\376\377\000O\000x\000i\000d\000a\000t\000i\000o\000n}{chapter.1}% 7
\BOOKMARK [1][-]{section.1.7}{\376\377\000W\000i\000c\000h\000t\000i\000g\000e\000\040\000S\000t\000o\000f\000f\000e}{chapter.1}% 8
\BOOKMARK [0][-]{chapter.2}{\376\377\000T\000h\000e\000r\000m\000o\000d\000y\000n\000a\000m\000i\000k}{}% 9
\BOOKMARK [1][-]{section.2.1}{\376\377\000E\000n\000e\000r\000g\000e\000t\000i\000k}{chapter.2}% 10
\BOOKMARK [2][-]{subsection.2.1.1}{\376\377\000C\000h\000e\000m\000i\000s\000c\000h\000e\000\040\000R\000e\000a\000k\000t\000i\000o\000n\000e\000n\000\040\000u\000n\000d\000\040\000E\000n\000e\000r\000g\000i\000e}{section.2.1}% 11
\BOOKMARK [2][-]{subsection.2.1.2}{\376\377\000S\000y\000s\000t\000e\000m\000\040\000u\000n\000d\000\040\000U\000m\000g\000e\000b\000u\000n\000g}{section.2.1}% 12
\BOOKMARK [2][-]{subsection.2.1.3}{\376\377\000D\000i\000e\000\040\000i\000n\000n\000e\000r\000e\000\040\000E\000n\000e\000r\000g\000i\000e}{section.2.1}% 13
\BOOKMARK [2][-]{subsection.2.1.4}{\376\377\000E\000n\000e\000r\000g\000i\000e\000e\000r\000h\000a\000l\000t\000u\000n\000g\000s\000s\000a\000t\000z}{section.2.1}% 14
\BOOKMARK [1][-]{section.2.2}{\376\377\000E\000n\000d\000o\000t\000h\000e\000r\000m\000\040\000u\000n\000d\000\040\000E\000x\000o\000t\000h\000e\000r\000m}{chapter.2}% 15
\BOOKMARK [1][-]{section.2.3}{\376\377\000I\000n\000n\000e\000r\000e\000\040\000E\000n\000e\000r\000g\000i\000e}{chapter.2}% 16
\BOOKMARK [2][-]{subsection.2.3.1}{\376\377\000I\000n\000n\000e\000r\000e\000\040\000E\000n\000e\000r\000g\000i\000e}{section.2.3}% 17
\BOOKMARK [1][-]{section.2.4}{\376\377\000E\000n\000t\000h\000a\000l\000p\000i\000e}{chapter.2}% 18
\BOOKMARK [2][-]{subsection.2.4.1}{\376\377\000S\000t\000a\000n\000d\000a\000r\000d\000r\000e\000a\000k\000t\000i\000o\000n\000s\000e\000n\000t\000h\000a\000l\000p\000i\000e}{section.2.4}% 19
\BOOKMARK [2][-]{subsection.2.4.2}{\376\377\000R\000e\000a\000k\000t\000i\000o\000n\000s\000e\000n\000t\000h\000a\000l\000p\000i\000e\000\040\000b\000e\000r\000e\000c\000h\000n\000e\000n}{section.2.4}% 20
\BOOKMARK [1][-]{section.2.5}{\376\377\000E\000n\000t\000r\000o\000p\000i\000e}{chapter.2}% 21
\BOOKMARK [2][-]{subsection.2.5.1}{\376\377\000R\000e\000a\000k\000t\000i\000o\000n\000s\000e\000n\000t\000r\000o\000p\000i\000e}{section.2.5}% 22
\BOOKMARK [2][-]{subsection.2.5.2}{\376\377\000\040\0002\000.\000\040\000H\000a\000u\000p\000t\000s\000a\000t\000z\000\040\000d\000e\000r\000\040\000T\000h\000e\000r\000m\000o\000d\000y\000n\000a\000m\000i\000k}{section.2.5}% 23
\BOOKMARK [2][-]{subsection.2.5.3}{\376\377\000\040\0003\000.\000\040\000H\000a\000u\000p\000t\000s\000a\000t\000z\000\040\000d\000e\000r\000\040\000T\000h\000e\000r\000m\000o\000d\000y\000n\000a\000m\000i\000k}{section.2.5}% 24
\BOOKMARK [0][-]{chapter.3}{\376\377\000M\000e\000t\000a\000s\000t\000a\000b\000i\000l\000e\000\040\000S\000y\000s\000t\000e\000m\000e}{}% 25
\BOOKMARK [1][-]{section.3.1}{\376\377\000C\000h\000e\000m\000i\000s\000c\000h\000e\000s\000\040\000G\000l\000e\000i\000c\000h\000g\000e\000w\000i\000c\000h\000t}{chapter.3}% 26
\BOOKMARK [2][-]{subsection.3.1.1}{\376\377\000C\000h\000e\000m\000i\000s\000c\000h\000e\000s\000\040\000G\000l\000e\000i\000c\000h\000g\000e\000w\000i\000c\000h\000t\000\040\000B\000e\000r\000e\000c\000h\000n\000u\000n\000g}{section.3.1}% 27
\BOOKMARK [1][-]{section.3.2}{\376\377\000M\000e\000t\000a\000s\000t\000a\000b\000i\000l\000e\000\040\000S\000y\000s\000t\000e\000m\000e}{chapter.3}% 28
\BOOKMARK [1][-]{section.3.3}{\376\377\000S\000p\000o\000n\000t\000a\000n\000e\000\040\000V\000o\000r\000g\000\344\000n\000g\000e}{chapter.3}% 29
\BOOKMARK [2][-]{subsection.3.3.1}{\376\377\000G\000i\000b\000b\000s\000\040\000H\000e\000m\000l\000h\000o\000l\000z\000\040\000G\000l\000e\000i\000c\000h\000u\000n\000g}{section.3.3}% 30
\BOOKMARK [2][-]{subsection.3.3.2}{\376\377\000O\000r\000d\000n\000u\000n\000g\000\040\000i\000m\000\040\000S\000y\000s\000t\000e\000m}{section.3.3}% 31
\BOOKMARK [0][-]{chapter.4}{\376\377\000S\000\344\000u\000r\000e\000/\000B\000a\000s\000e}{}% 32
\BOOKMARK [1][-]{section.4.1}{\376\377\000S\000\344\000u\000r\000e\000\040\000B\000a\000s\000e\000\040\000L\000i\000s\000t\000e}{chapter.4}% 33
\BOOKMARK [1][-]{section.4.2}{\376\377\000p\000H\000-\000W\000e\000r\000t}{chapter.4}% 34
\BOOKMARK [2][-]{subsection.4.2.1}{\376\377\000p\000K\000s\000/\000p\000K\000b\000\040\000B\000e\000r\000e\000c\000h\000n\000u\000n\000g}{section.4.2}% 35
\BOOKMARK [1][-]{section.4.3}{\376\377\000p\000K\000s\000/\000p\000K\000b\000\040\000W\000e\000r\000t}{chapter.4}% 36
\BOOKMARK [2][-]{subsection.4.3.1}{\376\377\000p\000K\000s\000/\000p\000K\000b\000\040\000B\000e\000r\000e\000c\000h\000n\000e\000n}{section.4.3}% 37
\BOOKMARK [1][-]{section.4.4}{\376\377\000S\000\344\000u\000r\000e\000\040\000B\000a\000s\000e\000\040\000R\000e\000a\000k\000t\000i\000o\000n}{chapter.4}% 38
\BOOKMARK [1][-]{section.4.5}{\376\377\000P\000u\000f\000f\000e\000r}{chapter.4}% 39
\BOOKMARK [2][-]{subsection.4.5.1}{\376\377\000P\000u\000f\000f\000e\000r\000\040\000B\000e\000r\000e\000c\000h\000n\000u\000n\000g}{section.4.5}% 40
\BOOKMARK [0][-]{chapter.5}{\376\377\000N\000a\000t\000u\000r\000s\000t\000o\000f\000f\000e}{}% 41
\BOOKMARK [1][-]{section.5.1}{\376\377\000K\000o\000h\000l\000e\000n\000h\000y\000d\000r\000a\000t\000e}{chapter.5}% 42
\BOOKMARK [1][-]{section.5.2}{\376\377\000F\000i\000s\000c\000h\000e\000r\000\040\000P\000r\000o\000j\000e\000k\000t\000i\000o\000n}{chapter.5}% 43
\BOOKMARK [1][-]{section.5.3}{\376\377\000H\000a\000w\000r\000o\000t\000h\000\040\000P\000r\000o\000j\000e\000k\000t\000i\000o\000n}{chapter.5}% 44
\BOOKMARK [1][-]{section.5.4}{\376\377\000B\000e\000g\000r\000i\000f\000f\000e}{chapter.5}% 45
\BOOKMARK [2][-]{subsection.5.4.1}{\376\377\000I\000s\000o\000m\000e\000r\000i\000e}{section.5.4}% 46
\BOOKMARK [2][-]{subsection.5.4.2}{\376\377\000A\000s\000y\000m\000m\000e\000t\000r\000i\000s\000c\000h\000e\000s\000\040\000C\000-\000A\000t\000o\000m}{section.5.4}% 47
\BOOKMARK [2][-]{subsection.5.4.3}{\376\377\000C\000h\000i\000r\000a\000l\000i\000t\000\344\000t}{section.5.4}% 48
\BOOKMARK [2][-]{subsection.5.4.4}{\376\377\000A\000l\000p\000h\000a\000-\000B\000e\000t\000a}{section.5.4}% 49
\BOOKMARK [2][-]{subsection.5.4.5}{\376\377\000D\000i\000s\000a\000c\000c\000h\000a\000r\000a\000r\000i\000d\000e}{section.5.4}% 50
\BOOKMARK [2][-]{subsection.5.4.6}{\376\377\000F\000e\000h\000l\000i\000n\000g\000/\000T\000o\000l\000l\000e\000n\000s\000\040\000R\000e\000a\000k\000t\000i\000o\000n}{section.5.4}% 51
\BOOKMARK [0][-]{chapter.6}{\376\377\000A\000r\000o\000m\000a\000t\000e\000n}{}% 52
\BOOKMARK [0][-]{chapter.7}{\376\377\000K\000u\000n\000s\000t\000s\000t\000o\000f\000f\000e}{}% 53
\BOOKMARK [0][-]{chapter.8}{\376\377\000E\000l\000e\000k\000t\000r\000o\000c\000h\000e\000m\000i\000e}{}% 54
